<?xml version="1.0" encoding="UTF-8"?>
<!-- Generated by org.testng.reporters.JUnitReportReporter -->
<testsuite skipped="0" hostname="DESKTOP-M339I1S" name="com.w2a.testcases.LoginTest" tests="1" failures="0" timestamp="28 Dec 2019 12:59:34 GMT" time="3.474" errors="0">
  <testcase name="loginAsBankManager" time="3.474" classname="com.w2a.testcases.LoginTest"/>
</testsuite> <!-- com.w2a.testcases.LoginTest -->
