<?xml version="1.0" encoding="UTF-8"?>
<!-- Generated by org.testng.reporters.JUnitReportReporter -->
<testsuite hostname="DESKTOP-STUVUJG" failures="0" tests="1" name="com.w2a.testcases.AddCustomerTest" time="6.418" errors="0" timestamp="06 Jan 2020 16:05:43 GMT" skipped="0">
  <testcase classname="com.w2a.testcases.AddCustomerTest" name="addCustomer" time="6.418"/>
</testsuite> <!-- com.w2a.testcases.AddCustomerTest -->
