<?xml version="1.0" encoding="UTF-8"?>
<!-- Generated by org.testng.reporters.JUnitReportReporter -->
<testsuite hostname="DESKTOP-STUVUJG" failures="0" tests="1" name="com.w2a.testcases.OpenAccountTest" time="6.770" errors="0" timestamp="22 Mar 2020 10:23:15 GMT" skipped="0">
  <testcase classname="com.w2a.testcases.OpenAccountTest" name="openAccountTest" time="6.770"/>
</testsuite> <!-- com.w2a.testcases.OpenAccountTest -->
