<?xml version="1.0" encoding="UTF-8"?>
<!-- Generated by org.testng.reporters.JUnitReportReporter -->
<testsuite hostname="DESKTOP-STUVUJG" failures="0" tests="1" name="com.w2a.testcases.BankManagerLoginTest" time="4.062" errors="0" timestamp="22 Mar 2020 10:23:15 GMT" skipped="0">
  <testcase classname="com.w2a.testcases.BankManagerLoginTest" name="bankManagerLoginTest" time="4.062"/>
</testsuite> <!-- com.w2a.testcases.BankManagerLoginTest -->
