<?xml version="1.0" encoding="UTF-8"?>
<!-- Generated by org.testng.reporters.JUnitReportReporter -->
<testsuite hostname="DESKTOP-STUVUJG" failures="0" tests="1" name="com.w2a.testcases.OpenAccountTest" time="6.811" errors="0" timestamp="15 Mar 2020 14:23:49 GMT" skipped="0">
  <testcase classname="com.w2a.testcases.OpenAccountTest" name="openAccountTest" time="6.811"/>
</testsuite> <!-- com.w2a.testcases.OpenAccountTest -->
