<?xml version="1.0" encoding="UTF-8"?>
<!-- Generated by org.testng.reporters.JUnitReportReporter -->
<testsuite hostname="DESKTOP-STUVUJG" failures="0" tests="4" name="com.w2a.testcases.AddCustomerTest" time="12.838" errors="0" timestamp="15 Mar 2020 14:23:49 GMT" skipped="2">
  <testcase classname="com.w2a.testcases.AddCustomerTest" name="addCustomerTest" time="6.565"/>
  <testcase classname="com.w2a.testcases.AddCustomerTest" name="addCustomerTest" time="6.272"/>
  <testcase classname="com.w2a.testcases.AddCustomerTest" name="addCustomerTest" time="0.000">
    <skipped/>
  </testcase> <!-- addCustomerTest -->
  <testcase classname="com.w2a.testcases.AddCustomerTest" name="addCustomerTest" time="0.001">
    <skipped/>
  </testcase> <!-- addCustomerTest -->
</testsuite> <!-- com.w2a.testcases.AddCustomerTest -->
