<?xml version="1.0" encoding="UTF-8"?>
<!-- Generated by org.testng.reporters.JUnitReportReporter -->
<testsuite hostname="DESKTOP-STUVUJG" failures="0" tests="1" name="com.w2a.testcases.BankManagerLoginTest" time="3.654" errors="0" timestamp="15 Mar 2020 14:23:49 GMT" skipped="0">
  <testcase classname="com.w2a.testcases.BankManagerLoginTest" name="bankManagerLoginTest" time="3.654"/>
</testsuite> <!-- com.w2a.testcases.BankManagerLoginTest -->
